[00:21:07] This is prokka 1.12
[00:21:07] Written by Torsten Seemann <torsten.seemann@gmail.com>
[00:21:07] Homepage is https://github.com/tseemann/prokka
[00:21:07] Local time is Mon Jul 22 00:21:07 2019
[00:21:07] You are manolov
[00:21:07] Operating system is linux
[00:21:07] You have BioPerl 1.006901
[00:21:07] System has 24 cores.
[00:21:07] Will use maximum of 1 cores.
[00:21:07] Annotating as >>> Bacteria <<<
[00:21:07] Creating new output folder: prokka/GCF_000009045.1_ASM904v1_genomic
[00:21:07] Running: mkdir -p prokka\/GCF_000009045\.1_ASM904v1_genomic
[00:21:07] Using filename prefix: GCF_000009045.1_ASM904v1_genomic.XXX
[00:21:07] Setting HMMER_NCPU=1
[00:21:07] Writing log to: prokka/GCF_000009045.1_ASM904v1_genomic/GCF_000009045.1_ASM904v1_genomic.log
[00:21:07] Command: /srv/common/bin/prokka --cpus 1 --outdir prokka/GCF_000009045.1_ASM904v1_genomic --force --prefix GCF_000009045.1_ASM904v1_genomic --locustag GCF_000009045.1_ASM904v1_genomic fna/GCF_000009045.1_ASM904v1_genomic.fna
[00:21:07] Appending to PATH: /srv/common/opt/prokka-1.12/bin/../binaries/linux
[00:21:07] Appending to PATH: /srv/common/opt/prokka-1.12/bin/../binaries/linux/../common
[00:21:07] Appending to PATH: /srv/common/opt/prokka-1.12/bin
[00:21:07] Looking for 'aragorn' - found /srv/common/bin/aragorn
[00:21:07] Determined aragorn version is 1.2
[00:21:07] Looking for 'barrnap' - found /srv/common/bin/barrnap
[00:21:07] Determined barrnap version is 0.7
[00:21:07] Looking for 'blastp' - found /srv/common/bin/blastp
[00:21:08] Determined blastp version is 2.2
[00:21:08] Looking for 'cmpress' - found /srv/common/bin/cmpress
[00:21:08] Determined cmpress version is 1.1
[00:21:08] Looking for 'cmscan' - found /srv/common/bin/cmscan
[00:21:08] Determined cmscan version is 1.1
[00:21:08] Looking for 'egrep' - found /bin/egrep
[00:21:08] Looking for 'find' - found /bin/find
[00:21:08] Looking for 'grep' - found /bin/grep
[00:21:08] Looking for 'hmmpress' - found /srv/common/bin/hmmpress
[00:21:08] Determined hmmpress version is 3.1
[00:21:08] Looking for 'hmmscan' - found /srv/common/bin/hmmscan
[00:21:08] Determined hmmscan version is 3.1
[00:21:08] Looking for 'java' - found /usr/bin/java
[00:21:08] Looking for 'less' - found /usr/bin/less
[00:21:08] Looking for 'makeblastdb' - found /srv/common/bin/makeblastdb
[00:21:08] Determined makeblastdb version is 2.2
[00:21:08] Looking for 'minced' - found /srv/common/bin/minced
[00:21:09] Determined minced version is 2.0
[00:21:09] Looking for 'parallel' - found /srv/common/bin/parallel
[00:21:09] Determined parallel version is 20130922
[00:21:09] Looking for 'prodigal' - found /srv/common/bin/prodigal
[00:21:09] Determined prodigal version is 2.60
[00:21:09] Looking for 'prokka-genbank_to_fasta_db' - found /srv/common/bin/prokka-genbank_to_fasta_db
[00:21:09] Looking for 'rnammer' - found /srv/common/bin/rnammer
[00:21:09] Determined rnammer version is 1.2
[00:21:09] Looking for 'sed' - found /bin/sed
[00:21:09] Looking for 'signalp' - found /srv/common/bin/signalp
[00:21:09] Determined signalp version is 4.1
[00:21:09] Looking for 'tbl2asn' - found /srv/common/bin/tbl2asn
[00:21:10] Determined tbl2asn version is 25.7
[00:21:10] Using genetic code table 11.
[00:21:10] Loading and checking input file: fna/GCF_000009045.1_ASM904v1_genomic.fna
[00:21:10] Wrote 1 contigs totalling 4215606 bp.
[00:21:10] Predicting tRNAs and tmRNAs
[00:21:10] Running: aragorn -l -gc11  -w prokka\/GCF_000009045\.1_ASM904v1_genomic\/GCF_000009045\.1_ASM904v1_genomic\.fna
[00:21:13] 1 tRNA-Ile [11464,11540] 35 (gat)
[00:21:13] 2 tRNA-Ala [11552,11627] 34 (tgc)
[00:21:13] 3 tRNA-Ser [22292,22384] 37 (tga)
[00:21:13] 4 tRNA-Ile [31932,32008] 35 (gat)
[00:21:13] 5 tRNA-Ala [32020,32095] 34 (tgc)
[00:21:13] 6 tRNA-Met [70181,70257] 35 (cat)
[00:21:13] 7 tRNA-Glu [70266,70341] 35 (ttc)
[00:21:13] 8 tRNA-Val [95375,95450] 34 (tac)
[00:21:13] 9 tRNA-Thr [95455,95530] 34 (tgt)
[00:21:13] 10 tRNA-Lys [95567,95642] 34 (ttt)
[00:21:13] 11 tRNA-Leu [95649,95731] 35 (tag)
[00:21:13] 12 tRNA-Gly [95772,95846] 33 (gcc)
[00:21:13] 13 tRNA-Leu [95861,95946] 35 (taa)
[00:21:13] 14 tRNA-Arg [95956,96032] 35 (acg)
[00:21:13] 15 tRNA-Pro [96060,96136] 35 (tgg)
[00:21:13] 16 tRNA-Ala [96146,96221] 34 (tgc)
[00:21:13] 17 tRNA-Asn [165754,165826] 33 (gtt)
[00:21:13] 18 tRNA-Thr [165830,165902] 34 (ggt)
[00:21:13] 19 tRNA-Gly [165959,166033] 33 (gcc)
[00:21:13] 20 tRNA-Arg [166064,166140] 35 (acg)
[00:21:13] 21 tRNA-Pro [166168,166244] 35 (tgg)
[00:21:13] 22 tRNA-Ala [166253,166328] 34 (tgc)
[00:21:13] 23 tRNA-Glu [194205,194279] 34 (ttc)
[00:21:13] 24 tRNA-Val [194283,194358] 34 (tac)
[00:21:13] 25 tRNA-Thr [194363,194436] 34 (tgt)
[00:21:13] 26 tRNA-Tyr [194458,194542] 35 (gta)
[00:21:13] 27 tRNA-Gln [194546,194620] 34 (ttg)
[00:21:13] 28 tRNA-Asn [528704,528778] 33 (gtt)
[00:21:13] 29 tRNA-Ser [528783,528873] 35 (gct)
[00:21:13] 30 tRNA-Glu [528903,528974] 34 (ttc)
[00:21:13] 31 tRNA-Gln [528986,529060] 33 (ttg)
[00:21:13] 32 tRNA-Lys [529087,529162] 34 (ttt)
[00:21:13] 33 tRNA-Leu [529174,529256] 35 (tag)
[00:21:13] 34 tRNA-Leu [529336,529419] 34 (gag)
[00:21:13] 35 tRNA-Arg [635110,635186] 35 (acg)
[00:21:13] 36 tRNA-Gly [635200,635273] 33 (tcc)
[00:21:13] 37 tRNA-Met [640268,640344] 35 (cat)
[00:21:13] 38 tRNA-Asp [640405,640481] 35 (gtc)
[00:21:13] 39 tRNA-Asn [951582,951656] 33 (gtt)
[00:21:13] 40 tRNA-Ser [951662,951753] 35 (gga)
[00:21:13] 41 tRNA-Glu [951788,951859] 34 (ttc)
[00:21:13] 42 tRNA-Val [951869,951944] 34 (tac)
[00:21:13] 43 tRNA-Met [951954,952030] 35 (cat)
[00:21:13] 44 tRNA-Asp [952042,952118] 35 (gtc)
[00:21:13] 45 tRNA-Phe [952131,952206] 34 (gaa)
[00:21:13] 46 tRNA-Thr [952212,952285] 34 (tgt)
[00:21:13] 47 tRNA-Tyr [952307,952391] 35 (gta)
[00:21:13] 48 tRNA-Trp [952397,952470] 33 (cca)
[00:21:13] 49 tRNA-His [952495,952570] 34 (gtg)
[00:21:13] 50 tRNA-Gln [952579,952653] 34 (ttg)
[00:21:13] 51 tRNA-Gly [952701,952775] 33 (gcc)
[00:21:13] 52 tRNA-Cys [952781,952851] 33 (gca)
[00:21:13] 53 tRNA-Leu [952859,952947] 35 (taa)
[00:21:13] 54 tRNA-Leu [953212,953295] 36 (caa)
[00:21:13] 55 tRNA-Gly [967065,967138] 33 (tcc)
[00:21:13] 56 tRNA-Val [1262788,1262862] 35 (gac)
[00:21:13] 57 tRNA-Arg c[2003276,2003348] 34 (cct)
[00:21:13] 58 tRNA-Asn c[2144088,2144184] 37 (gtt)
[00:21:13] 59 tRNA-Gln [2563889,2563959] 33 (ttg)
[00:21:13] 60 tRNA-Arg c[2899815,2899890] 36 (tct)
[00:21:13] 61 tRNA-Glu c[3171879,3171950] 34 (ttc)
[00:21:13] 62 tRNA-Ser c[3171976,3172066] 35 (gct)
[00:21:13] 63 tRNA-Asn c[3172070,3172144] 33 (gtt)
[00:21:13] 64 tRNA-Ile c[3172155,3172231] 35 (gat)
[00:21:13] 65 tRNA-Gly c[3172247,3172320] 33 (tcc)
[00:21:13] 66 tRNA-His c[3172331,3172406] 34 (gtg)
[00:21:13] 67 tRNA-Phe c[3172424,3172499] 34 (gaa)
[00:21:13] 68 tRNA-Asp c[3172512,3172588] 35 (gtc)
[00:21:13] 69 tRNA-Met c[3172600,3172676] 35 (cat)
[00:21:13] 70 tRNA-Ser c[3172694,3172786] 37 (tga)
[00:21:13] 71 tRNA-Met c[3172793,3172869] 35 (cat)
[00:21:13] 72 tRNA-Met c[3172872,3172948] 35 (cat)
[00:21:13] 73 tRNA-Ala c[3172967,3173040] 34 (tgc)
[00:21:13] 74 tRNA-Pro c[3173046,3173122] 35 (tgg)
[00:21:13] 75 tRNA-Arg c[3173138,3173214] 35 (acg)
[00:21:13] 76 tRNA-Leu c[3173224,3173309] 35 (taa)
[00:21:13] 77 tRNA-Gly c[3173324,3173398] 33 (gcc)
[00:21:13] 78 tRNA-Ser c[3173404,3173490] 35 (cag)
[00:21:13] 79 tRNA-Lys c[3173501,3173576] 34 (ttt)
[00:21:13] 80 tRNA-Thr c[3173614,3173689] 34 (tgt)
[00:21:13] 81 tRNA-Val c[3173722,3173797] 34 (tac)
[00:21:13] 82 tRNA-Ala c[3194455,3194527] 34 (ggc)
[00:21:13] 83 tmRNA c[3450712,3451071] 87,134 GKTNSFNQNVALAA**
[00:21:13] 84 tRNA-Arg c[3545885,3545965] 36 (ccg)
[00:21:13] 85 tRNA-Phe c[4154786,4154859] 34 (gaa)
[00:21:13] 86 tRNA-Asp c[4154895,4154971] 35 (gtc)
[00:21:13] 87 tRNA-Glu c[4155053,4155124] 34 (ttc)
[00:21:13] 88 tRNA-Lys c[4155134,4155209] 34 (ttt)
[00:21:13] Found 88 tRNAs
[00:21:13] Predicting Ribosomal RNAs
[00:21:13] Running Barrnap with 1 threads
